[debug] [2026-05-14T18:52:14.821Z] ----------------------------------------------------------------------
[debug] [2026-05-14T18:52:14.822Z] Command:       C:\Program Files\nodejs\node.exe C:\Users\chris\AppData\Roaming\npm\node_modules\firebase-tools\lib\bin\firebase.js functions:shell
[debug] [2026-05-14T18:52:14.823Z] CLI Version:   15.17.0
[debug] [2026-05-14T18:52:14.823Z] Platform:      win32
[debug] [2026-05-14T18:52:14.823Z] Node Version:  v22.22.2
[debug] [2026-05-14T18:52:14.823Z] Time:          Thu May 14 2026 19:52:14 GMT+0100 (British Summer Time)
[debug] [2026-05-14T18:52:14.823Z] ----------------------------------------------------------------------
[debug] 
[debug] [2026-05-14T18:52:15.699Z] > command requires scopes: ["email","openid","https://www.googleapis.com/auth/cloudplatformprojects.readonly","https://www.googleapis.com/auth/firebase","https://www.googleapis.com/auth/cloud-platform"]
[debug] [2026-05-14T18:52:15.699Z] > authorizing via signed-in user (chris@tyremen.co.uk)
[debug] [2026-05-14T18:52:15.699Z] [iam] checking project tyremen-system for permissions ["firebase.projects.get"]
[debug] [2026-05-14T18:52:15.700Z] Checked if tokens are valid: true, expires at: 1778787277334
[debug] [2026-05-14T18:52:15.700Z] Checked if tokens are valid: true, expires at: 1778787277334
[debug] [2026-05-14T18:52:15.701Z] >>> [apiv2][query] POST https://cloudresourcemanager.googleapis.com/v1/projects/tyremen-system:testIamPermissions [none]
[debug] [2026-05-14T18:52:15.701Z] >>> [apiv2][(partial)header] POST https://cloudresourcemanager.googleapis.com/v1/projects/tyremen-system:testIamPermissions  x-goog-user-project=tyremen-system
[debug] [2026-05-14T18:52:15.701Z] >>> [apiv2][body] POST https://cloudresourcemanager.googleapis.com/v1/projects/tyremen-system:testIamPermissions {"permissions":["firebase.projects.get"]}
[debug] [2026-05-14T18:52:16.413Z] <<< [apiv2][status] POST https://cloudresourcemanager.googleapis.com/v1/projects/tyremen-system:testIamPermissions 200
[debug] [2026-05-14T18:52:16.413Z] <<< [apiv2][body] POST https://cloudresourcemanager.googleapis.com/v1/projects/tyremen-system:testIamPermissions {"permissions":["firebase.projects.get"]}
[debug] [2026-05-14T18:52:16.418Z] [functions] Functions Emulator only supports listening on one address (127.0.0.1). Not listening on ::1
[debug] [2026-05-14T18:52:16.464Z] defaultcredentials: writing to file C:\Users\chris\AppData\Roaming\firebase\chris_tyremen_co.uk_application_default_credentials.json
[debug] [2026-05-14T18:52:16.466Z] DEBUG: Setting GAC to C:\Users\chris\AppData\Roaming\firebase\chris_tyremen_co.uk_application_default_credentials.json
[debug] [2026-05-14T18:52:16.466Z] Checked if tokens are valid: true, expires at: 1778787277334
[debug] [2026-05-14T18:52:16.466Z] Checked if tokens are valid: true, expires at: 1778787277334
[debug] [2026-05-14T18:52:16.466Z] >>> [apiv2][query] GET https://firebase.googleapis.com/v1beta1/projects/tyremen-system/adminSdkConfig [none]
[debug] [2026-05-14T18:52:16.845Z] <<< [apiv2][status] GET https://firebase.googleapis.com/v1beta1/projects/tyremen-system/adminSdkConfig 200
[debug] [2026-05-14T18:52:16.846Z] <<< [apiv2][body] GET https://firebase.googleapis.com/v1beta1/projects/tyremen-system/adminSdkConfig {"projectId":"tyremen-system","storageBucket":"tyremen-system.firebasestorage.app"}
[debug] [2026-05-14T18:52:16.856Z] [functions] Watching "C:\Users\chris\tyremen-system\vehiclelookup" for Cloud Functions...
[debug] [2026-05-14T18:52:16.858Z] Validating nodejs source
[debug] [2026-05-14T18:52:17.540Z] > [functions] package.json contents: {
  "name": "functions",
  "description": "Cloud Functions for Firebase",
  "scripts": {
    "serve": "firebase emulators:start --only functions",
    "shell": "firebase functions:shell",
    "start": "npm run shell",
    "deploy": "firebase deploy --only functions",
    "logs": "firebase functions:log"
  },
  "engines": {
    "node": "20"
  },
  "main": "index.js",
  "dependencies": {
    "firebase-admin": "^13.6.0",
    "firebase-functions": "^7.0.0"
  },
  "devDependencies": {
    "firebase-functions-test": "^3.4.1"
  },
  "private": true
}
[debug] [2026-05-14T18:52:17.540Z] Building nodejs source
[debug] [2026-05-14T18:52:17.540Z] Failed to find version of module node: reached end of search path C:\Users\chris\tyremen-system\vehiclelookup\node_modules
[warn] !  functions: Your requested "node" version "20" doesn't match your global version "22". Using node@22 from host. 
[debug] [2026-05-14T18:52:17.542Z] Could not find functions.yaml. Must use http discovery
[debug] [2026-05-14T18:52:17.550Z] Found firebase-functions binary at 'C:\Users\chris\tyremen-system\vehiclelookup\node_modules\.bin\firebase-functions'
[info] Serving at port 8070

[debug] [2026-05-14T18:52:17.939Z] Got response from /__/functions.yaml {"endpoints":{"vehicleLookup":{"availableMemoryMb":null,"timeoutSeconds":null,"minInstances":null,"maxInstances":null,"ingressSettings":null,"concurrency":null,"serviceAccountEmail":null,"vpc":null,"platform":"gcfv2","labels":{},"httpsTrigger":{},"entryPoint":"vehicleLookup"}},"specVersion":"v1alpha1","requiredAPIs":[],"extensions":{}}
[debug] [2026-05-14T18:52:21.974Z] [functions] Loaded functions definitions from source: vehicleLookup.
[debug] [2026-05-14T18:52:21.974Z] [functions[us-central1-vehicleLookup]] http function initialized (http://127.0.0.1:5000/tyremen-system/us-central1/vehicleLookup).
[info] i  functions: Loaded functions: vehicleLookup 
[warn] !  functions: The following emulators are not running, calls to these services will affect production: firestore, database, pubsub, storage, eventarc, tasks 
